#
# Copyright (c) 2007-2014 Kaazing Corporation. All rights reserved.
# 
# Licensed to the Apache Software Foundation (ASF) under one
# or more contributor license agreements.  See the NOTICE file
# distributed with this work for additional information
# regarding copyright ownership.  The ASF licenses this file
# to you under the Apache License, Version 2.0 (the
# "License"); you may not use this file except in compliance
# with the License.  You may obtain a copy of the License at
# 
#   http://www.apache.org/licenses/LICENSE-2.0
# 
# Unless required by applicable law or agreed to in writing,
# software distributed under the License is distributed on an
# "AS IS" BASIS, WITHOUT WARRANTIES OR CONDITIONS OF ANY
# KIND, either express or implied.  See the License for the
# specific language governing permissions and limitations
# under the License.
#

accept tcp://localhost:8005
accepted
connected

read "POST /sse?.kb=512&.kp=256&.kac=ex&.kct=application/x-message-http HTTP/1.1\r\n"
read "Accept: */*\r\n"
read "Origin: http://localhost:8005\r\n"
read "Accept-Language: en-US\r\n"
read "Accept-Encoding: gzip, deflate\r\n"
read "User-Agent: Mozilla/4.0 (compatible; MSIE 8.0; Windows NT 6.1; WOW64; Trident/4.0; SLCC2; .NET CLR 2.0.50727; .NET CLR 3.5.30729; .NET CLR 3.0.30729; Media Center PC 6.0)\r\n"
read "Host: localhost:8005\r\n"
read "Content-Length: 45\r\n"
read "Connection: Keep-Alive\r\n"
read "Cache-Control: no-cache\r\n"
read "\r\n"
read "GET /sse?.kb=512&.kp=256&.kac=ex HTTP/1.1\r\n\r\n"


write "HTTP/1.1 200 OK\r\n"
write "Access-Control-Allow-Credentials: true\r\n"
write "Access-Control-Allow-Headers: content-type\r\n"
write "Access-Control-Allow-Headers: authorization\r\n"
write "Access-Control-Allow-Headers: x-websocket-extensions\r\n"
write "Access-Control-Allow-Headers: x-websocket-version\r\n"
write "Access-Control-Allow-Headers: x-websocket-protocol\r\n"
write "Access-Control-Allow-Headers: content-type\r\n"
write "Access-Control-Allow-Headers: authorization\r\n"
write "Access-Control-Allow-Headers: x-websocket-extensions\r\n"
write "Access-Control-Allow-Headers: x-websocket-version\r\n"
write "Access-Control-Allow-Headers: x-websocket-protocol\r\n"
write "Access-Control-Allow-Origin: http://localhost:8005\r\n"
write "Cache-Control: no-cache\r\n"
write "Connection: close\r\n"
write "Content-Type: text/plain\r\n"
write "Date: Tue, 23 Jun 2015 05:47:24 GMT\r\n"
write "Server: Kaazing Gateway\r\n"
write "X-Content-Type-Options: nosniff\r\n"
write "\r\n"

write "HTTP/1.1 200 OK\r\n"
write "Content-Type: text/event-stream\r\n"
write "\r\n"
write "location:httpxe://localhost:8005/sse;s/lHyttiu9oQIBCAdzVwh7yaH0jsAfiP8V\n"
write "\n"
# write colon plus 180 space characters (padding) in lines of 60 spaces
write ":                                                            "
write "                                                            "
write "                                                            \n"
write "\n"
write "data:Kobe is greater than Griffen\n"
write "\n"
